<?xml version="1.0" encoding="UTF-8"?>
<testsuite xmlns:xsi="http://www.w3.org/2001/XMLSchema-instance" xsi:noNamespaceSchemaLocation="https://maven.apache.org/surefire/maven-surefire-plugin/xsd/surefire-test-report-3.0.xsd" version="3.0" name="us.abstracta.runners.RunCucumberTest" time="0.898" tests="1" errors="1" skipped="0" failures="0">
  <properties>
[...]
</properties>
  <testcase name="Usuario revisa si tiene factibilidad de fibra óptica ingresando mal el nro de documento (CI)" classname="Revisar Factibilidad Fibra Óptica" time="0.223">
    <error message="The step &apos;el usuario está en la página principal de WOM&apos; and 3 other step(s) are undefined.&#10;You can implement these steps using the snippet(s) below:&#10;&#10;@Given(&quot;el usuario está en la página principal de WOM&quot;)&#10;public void el_usuario_está_en_la_página_principal_de_wom() {&#10;    // Write code here that turns the phrase above into concrete actions&#10;    throw new io.cucumber.java.PendingException();&#10;}&#10;@When(&quot;el usuario navega al menú Planes y selecciona el submenú Planes + Equipos&quot;)&#10;public void el_usuario_navega_al_menú_planes_y_selecciona_el_submenú_planes_equipos() {&#10;    // Write code here that turns the phrase above into concrete actions&#10;    throw new io.cucumber.java.PendingException();&#10;}&#10;@Then(&quot;debería ver la página de Planes + Equipos&quot;)&#10;public void debería_ver_la_página_de_planes_equipos() {&#10;    // Write code here that turns the phrase above into concrete actions&#10;    throw new io.cucumber.java.PendingException();&#10;}&#10;@Then(&quot;el usuario hace click en la opción de {int} MB&quot;)&#10;public void el_usuario_hace_click_en_la_opción_de_mb(Integer int1) {&#10;    // Write code here that turns the phrase above into concrete actions&#10;    throw new io.cucumber.java.PendingException();&#10;}&#10;" type="io.cucumber.junit.UndefinedStepException"><![CDATA[io.cucumber.junit.UndefinedStepException: 
The step 'el usuario está en la página principal de WOM' and 3 other step(s) are undefined.
You can implement these steps using the snippet(s) below:

@Given("el usuario está en la página principal de WOM")
public void el_usuario_está_en_la_página_principal_de_wom() {
    // Write code here that turns the phrase above into concrete actions
    throw new io.cucumber.java.PendingException();
}
@When("el usuario navega al menú Planes y selecciona el submenú Planes + Equipos")
public void el_usuario_navega_al_menú_planes_y_selecciona_el_submenú_planes_equipos() {
    // Write code here that turns the phrase above into concrete actions
    throw new io.cucumber.java.PendingException();
}
@Then("debería ver la página de Planes + Equipos")
public void debería_ver_la_página_de_planes_equipos() {
    // Write code here that turns the phrase above into concrete actions
    throw new io.cucumber.java.PendingException();
}
@Then("el usuario hace click en la opción de {int} MB")
public void el_usuario_hace_click_en_la_opción_de_mb(Integer int1) {
    // Write code here that turns the phrase above into concrete actions
    throw new io.cucumber.java.PendingException();
}

]]></error>
  </testcase>
</testsuite>